C:\Program Files\Microsoft Visual Studio\2022\Community\MSBuild\Microsoft\VC\v170\Microsoft.CppBuild.targets(500,5): warning MSB8004: Output Directory does not end with a trailing slash.  This build instance will add the slash as it is required to allow proper evaluation of the Output Directory.
  Button.cpp
C:\Users\louis\OneDrive\Documents\Code\vsrepos\Yams\Yams\Button.cpp(18,81): warning C4244: 'argument': conversion from 'const T' to 'T', possible loss of data
          with
          [
              T=int
          ]
          and
          [
              T=float
          ]
C:\Users\louis\OneDrive\Documents\Code\vsrepos\Yams\Yams\Button.cpp(18,69): warning C4244: 'argument': conversion from 'const T' to 'T', possible loss of data
          with
          [
              T=int
          ]
          and
          [
              T=float
          ]
  Yams.vcxproj -> C:\Users\louis\OneDrive\Documents\Code\vsrepos\Yams\build\Debug\x64\Yams.exe
